<?xml version="1.0" encoding="UTF-8"?>
<!-- Generated by org.testng.reporters.JUnitXMLReporter -->
<testsuite hostname="Dee-PC" ignored="0" name="LinksVerification-Test" tests="1" failures="1" timestamp="15 Apr 2018 14:55:34 GMT" time="22.156" errors="0">
  <testcase name="linksVerificationTest" time="16.698" classname="com.packt.tests.LinksVerificationTest">
    <failure type="java.lang.AssertionError" message="The following asserts failed:
	Response code for &amp;apos;Basic Auth&amp;apos; [http://the-internet.herokuapp.com/basic_auth] is not 200. It is: 401 code with message: &amp;apos;Unauthorized&amp;apos; expected [true] but found [false],
	Response code for &amp;apos;Secure File Download&amp;apos; [http://the-internet.herokuapp.com/download_secure] is not 200. It is: 401 code with message: &amp;apos;Unauthorized&amp;apos; expected [true] but found [false]">
      <![CDATA[java.lang.AssertionError: The following asserts failed:
Response code for 'Basic Auth' [http://the-internet.herokuapp.com/basic_auth] is not 200. It is: 401 code with message: 'Unauthorized' expected [true] but found [false],
Response code for 'Secure File Download' [http://the-internet.herokuapp.com/download_secure] is not 200. It is: 401 code with message: 'Unauthorized' expected [true] but found [false]
at com.packt.tests.LinksVerificationTest.linksVerificationTest(LinksVerificationTest.java:51)
... Removed 26 stack frames]]>
    </failure>
  </testcase> <!-- linksVerificationTest -->
</testsuite> <!-- LinksVerification-Test -->
