<?xml version="1.0" encoding="UTF-8"?>
<!-- Generated by org.testng.reporters.JUnitReportReporter -->
<testsuite skipped="0" hostname="Dee-PC" name="com.packt.tests.LinksVerificationTest" tests="1" failures="1" timestamp="15 Apr 2018 14:55:34 GMT" time="22.116" errors="0">
  <testcase name="linksVerificationTest" time="22.116" classname="com.packt.tests.LinksVerificationTest">
    <failure type="java.lang.AssertionError" message="The following asserts failed:
	Response code for &#039;Basic Auth&#039; [http://the-internet.herokuapp.com/basic_auth] is not 200. It is: 401 code with message: &#039;Unauthorized&#039; expected [true] but found [false],
	Response code for &#039;Secure File Download&#039; [http://the-internet.herokuapp.com/download_secure] is not 200. It is: 401 code with message: &#039;Unauthorized&#039; expected [true] but found [false]">
      <![CDATA[java.lang.AssertionError: The following asserts failed:
Response code for 'Basic Auth' [http://the-internet.herokuapp.com/basic_auth] is not 200. It is: 401 code with message: 'Unauthorized' expected [true] but found [false],
Response code for 'Secure File Download' [http://the-internet.herokuapp.com/download_secure] is not 200. It is: 401 code with message: 'Unauthorized' expected [true] but found [false]
at org.testng.asserts.SoftAssert.assertAll(SoftAssert.java:43)
at com.packt.tests.LinksVerificationTest.linksVerificationTest(LinksVerificationTest.java:51)
at sun.reflect.NativeMethodAccessorImpl.invoke0(Native Method)
at sun.reflect.NativeMethodAccessorImpl.invoke(NativeMethodAccessorImpl.java:62)
at sun.reflect.DelegatingMethodAccessorImpl.invoke(DelegatingMethodAccessorImpl.java:43)
at java.lang.reflect.Method.invoke(Method.java:483)
at org.testng.internal.MethodInvocationHelper.invokeMethod(MethodInvocationHelper.java:124)
at org.testng.internal.Invoker.invokeMethod(Invoker.java:580)
at org.testng.internal.Invoker.invokeTestMethod(Invoker.java:716)
at org.testng.internal.Invoker.invokeTestMethods(Invoker.java:988)
at org.testng.internal.TestMethodWorker.invokeTestMethods(TestMethodWorker.java:125)
at org.testng.internal.TestMethodWorker.run(TestMethodWorker.java:109)
at org.testng.TestRunner.privateRun(TestRunner.java:648)
at org.testng.TestRunner.run(TestRunner.java:505)
at org.testng.SuiteRunner.runTest(SuiteRunner.java:455)
at org.testng.SuiteRunner.runSequentially(SuiteRunner.java:450)
at org.testng.SuiteRunner.privateRun(SuiteRunner.java:415)
at org.testng.SuiteRunner.run(SuiteRunner.java:364)
at org.testng.SuiteRunnerWorker.runSuite(SuiteRunnerWorker.java:52)
at org.testng.SuiteRunnerWorker.run(SuiteRunnerWorker.java:84)
at org.testng.TestNG.runSuitesSequentially(TestNG.java:1208)
at org.testng.TestNG.runSuitesLocally(TestNG.java:1137)
at org.testng.TestNG.runSuites(TestNG.java:1049)
at org.testng.TestNG.run(TestNG.java:1017)
at org.testng.remote.AbstractRemoteTestNG.run(AbstractRemoteTestNG.java:132)
at org.testng.remote.RemoteTestNG.initAndRun(RemoteTestNG.java:230)
at org.testng.remote.RemoteTestNG.main(RemoteTestNG.java:76)
]]>
    </failure>
  </testcase> <!-- linksVerificationTest -->
</testsuite> <!-- com.packt.tests.LinksVerificationTest -->
