<!DOCTYPE html PUBLIC "-//W3C//DTD XHTML 1.1//EN" "http://www.w3.org/TR/xhtml11/DTD/xhtml11.dtd">
<html xmlns="http://www.w3.org/1999/xhtml">
<head>
<meta http-equiv="content-type" content="text/html; charset=UTF-8"/>
<title>TestNG Report</title>
<style type="text/css">table {margin-bottom:10px;border-collapse:collapse;empty-cells:show}th,td {border:1px solid #009;padding:.25em .5em}th {vertical-align:bottom}td {vertical-align:top}table a {font-weight:bold}.stripe td {background-color: #E6EBF9}.num {text-align:right}.passedodd td {background-color: #3F3}.passedeven td {background-color: #0A0}.skippedodd td {background-color: #DDD}.skippedeven td {background-color: #CCC}.failedodd td,.attn {background-color: #F33}.failedeven td,.stripe .attn {background-color: #D00}.stacktrace {white-space:pre;font-family:monospace}.totop {font-size:85%;text-align:center;border-bottom:2px solid #000}.invisible {display:none}</style>
</head>
<body>
<table>
<tr><th>Test</th><th># Passed</th><th># Skipped</th><th># Failed</th><th>Time (ms)</th><th>Included Groups</th><th>Excluded Groups</th></tr>
<tr><th colspan="7">Big Suite</th></tr>
<tr><td><a href="#t0">FirstTest</a></td><td class="num">1</td><td class="num">0</td><td class="num attn">2</td><td class="num">26,929</td><td></td><td></td></tr>
<tr class="stripe"><td><a href="#t1">Troubleshooting</a></td><td class="num">3</td><td class="num">0</td><td class="num attn">1</td><td class="num">50,170</td><td></td><td></td></tr>
<tr><th>Total</th><th class="num">4</th><th class="num">0</th><th class="num attn">3</th><th class="num">77,099</th><th colspan="2"></th></tr>
</table>
<table id='summary'><thead><tr><th>Class</th><th>Method</th><th>Start</th><th>Time (ms)</th></tr></thead><tbody><tr><th colspan="4">Big Suite</th></tr></tbody><tbody id="t0"><tr><th colspan="4">FirstTest &#8212; failed</th></tr><tr class="failedeven"><td rowspan="2">com.packt.tests.FirstTest</td><td><a href="#m0">firstTest</a></td><td rowspan="1">1522519074021</td><td rowspan="1">5352</td></tr><tr class="failedeven"><td><a href="#m1">negativeLogInTest</a></td><td rowspan="1">1522519091650</td><td rowspan="1">3548</td></tr><tr><th colspan="4">FirstTest &#8212; passed</th></tr><tr class="passedeven"><td rowspan="1">com.packt.tests.FirstTest</td><td><a href="#m2">negativeLogInTest</a></td><td rowspan="1">1522519083631</td><td rowspan="1">3818</td></tr></tbody>
<tbody id="t1"><tr><th colspan="4">Troubleshooting &#8212; failed</th></tr><tr class="failedeven"><td rowspan="1">com.packt.tests.Troubleshooting</td><td><a href="#m3">waitTest</a></td><td rowspan="1">1522519137334</td><td rowspan="1">8084</td></tr><tr><th colspan="4">Troubleshooting &#8212; passed</th></tr><tr class="passedeven"><td rowspan="3">com.packt.tests.Troubleshooting</td><td><a href="#m4">otherTest</a></td><td rowspan="1">1522519099694</td><td rowspan="1">10964</td></tr><tr class="passedeven"><td><a href="#m5">staleElementTest</a></td><td rowspan="1">1522519114785</td><td rowspan="1">5228</td></tr><tr class="passedeven"><td><a href="#m6">visibilityTest</a></td><td rowspan="1">1522519124357</td><td rowspan="1">8732</td></tr></tbody>
</table>
<h2>FirstTest</h2><h3 id="m0">com.packt.tests.FirstTest#firstTest</h3><table class="result"><tr class="param"><th>Parameter #1</th><th>Parameter #2</th></tr><tr class="param stripe"><td>tomsmith</td><td>SuperSecretPassword!</td></tr><tr><th colspan="2">Exception</th></tr><tr><td colspan="2"><div class="stacktrace">java.lang.AssertionError: The following asserts failed:
	Page source doesn&apos;t contain expected text: You logged into a secure area!Brake expected [true] but found [false]
	at com.packt.tests.FirstTest.firstTest(FirstTest.java:42)
... Removed 26 stack frames</div></td></tr></table><p class="totop"><a href="#summary">back to summary</a></p>
<h3 id="m1">com.packt.tests.FirstTest#negativeLogInTest</h3><table class="result"><tr class="param"><th>Parameter #1</th></tr><tr class="param stripe"><td>{no=2, password=IncorrectPassword, expectedError=Your password is invalid!Broken, username=tomsmith}</td></tr><tr><th>Exception</th></tr><tr><td><div class="stacktrace">java.lang.AssertionError: Actual and expected error messages are different. 
Expected: Your password is invalid!Broken 
Actual: Your password is invalid!
Ã— expected [true] but found [false]
	at com.packt.tests.FirstTest.negativeLogInTest(FirstTest.java:61)
... Removed 28 stack frames</div></td></tr></table><p class="totop"><a href="#summary">back to summary</a></p>
<h3 id="m2">com.packt.tests.FirstTest#negativeLogInTest</h3><table class="result"><tr class="param"><th>Parameter #1</th></tr><tr class="param stripe"><td>{no=1, password=SuperSecretPassword!, expectedError=Your username is invalid!, username=IncorrectUsername}</td></tr></table><p class="totop"><a href="#summary">back to summary</a></p>
<h2>Troubleshooting</h2><h3 id="m3">com.packt.tests.Troubleshooting#waitTest</h3><table class="result"><tr><th>Exception</th></tr><tr><td><div class="stacktrace">java.lang.AssertionError: &apos;Good bye World! text is not present on the page.&apos; expected [true] but found [false]
	at com.packt.tests.Troubleshooting.waitTest(Troubleshooting.java:32)
... Removed 28 stack frames</div></td></tr></table><p class="totop"><a href="#summary">back to summary</a></p>
<h3 id="m4">com.packt.tests.Troubleshooting#otherTest</h3><table class="result"><tr><th class="invisible"/></tr></table><p class="totop"><a href="#summary">back to summary</a></p>
<h3 id="m5">com.packt.tests.Troubleshooting#staleElementTest</h3><table class="result"><tr><th class="invisible"/></tr></table><p class="totop"><a href="#summary">back to summary</a></p>
<h3 id="m6">com.packt.tests.Troubleshooting#visibilityTest</h3><table class="result"><tr><th class="invisible"/></tr></table><p class="totop"><a href="#summary">back to summary</a></p>
</body>
</html>
