<?xml version="1.0" encoding="UTF-8"?>
<!-- Generated by org.testng.reporters.JUnitXMLReporter -->
<testsuite hostname="DanielMBP.wifi.farecompare.com" ignored="0" name="BlockedImages-Test" tests="1" failures="0" timestamp="12 Apr 2018 16:10:35 GMT" time="0.077" errors="0">
  <testcase name="@BeforeMethod setUp" time="0.052" classname="com.packt.base.BaseTest">
    <failure type="java.lang.IllegalStateException" message="The driver is not executable: /Users/dmitry.shyshkin/Dropbox/Packt/Copy from Desktop/V3 S1/V3S1_V6Code/src/main/resources/chromedriver.exe">
      <![CDATA[java.lang.IllegalStateException: The driver is not executable: /Users/dmitry.shyshkin/Dropbox/Packt/Copy from Desktop/V3 S1/V3S1_V6Code/src/main/resources/chromedriver.exe
at com.google.common.base.Preconditions.checkState(Preconditions.java:585)
at org.openqa.selenium.remote.service.DriverService.checkExecutable(DriverService.java:140)
at org.openqa.selenium.remote.service.DriverService.findExecutable(DriverService.java:131)
at org.openqa.selenium.chrome.ChromeDriverService.access$000(ChromeDriverService.java:32)
at org.openqa.selenium.chrome.ChromeDriverService$Builder.findDefaultExecutable(ChromeDriverService.java:137)
at org.openqa.selenium.remote.service.DriverService$Builder.build(DriverService.java:339)
at org.openqa.selenium.chrome.ChromeDriverService.createDefaultService(ChromeDriverService.java:88)
at org.openqa.selenium.chrome.ChromeDriver.<init>(ChromeDriver.java:157)
at com.packt.base.BrowserDriverFactory.createDriver(BrowserDriverFactory.java:73)
at com.packt.base.BaseTest.setUp(BaseTest.java:35)
... Removed 28 stack frames]]>
    </failure>
  </testcase> <!-- @BeforeMethod setUp -->
  <testcase name="@AfterMethod tearDown" time="0.002" classname="com.packt.base.BaseTest">
    <failure type="java.lang.NullPointerException">
      <![CDATA[java.lang.NullPointerException
at com.packt.base.BaseTest.tearDown(BaseTest.java:46)
... Removed 28 stack frames]]>
    </failure>
  </testcase> <!-- @AfterMethod tearDown -->
  <testcase name="blockedImagesTest" time="0.0" classname="com.packt.tests.BlockedImagesTest">
    <skipped/>
  </testcase> <!-- blockedImagesTest -->
</testsuite> <!-- BlockedImages-Test -->
